[14/06/2017 21:17] VyrenGames(198112175951183872) deleted 100 messages in channel temp
[14/06/2017 21:18] VyrenGames(198112175951183872) deleted 100 messages in channel log
[14/06/2017 21:22] VyrenGames(198112175951183872) deleted 14 messages in channel temp
[14/06/2017 21:23] VyrenGames(198112175951183872) deleted 7 messages in channel temp
[14/06/2017 21:23] VyrenGames(198112175951183872) deleted 4 messages in channel bot
[14/06/2017 21:29] VyrenGames(198112175951183872) deleted 16 messages  containing 'f' in channel 324718919250345985
[14/06/2017 21:31] VyrenGames(198112175951183872) deleted 3 messages sent by the bot in channel temp
[14/06/2017 21:31] VyrenGames(198112175951183872) deleted 13  command messages in channel temp
[14/06/2017 21:33] VyrenGames(198112175951183872) deleted 1 messages  containing '$cleanup' in channel 266045272117870592
[14/06/2017 21:33] VyrenGames(198112175951183872) deleted 1 messages  containing '$cleanup' in channel 320385590019227648
[14/06/2017 21:33] VyrenGames(198112175951183872) deleted 1 messages  containing '$cleanup' in channel 324718441649143811
[14/06/2017 22:27] VyrenGames(198112175951183872) deleted 1000 messages in channel mod-log
[21/06/2017 16:51] VyrenGames(198112175951183872) deleted 5 messages in channel general
[21/06/2017 16:55] VyrenGames(198112175951183872) deleted 5 messages in channel announcements
[22/06/2017 13:17] VyrenGames(198112175951183872) deleted 3 messages in channel general
[22/06/2017 13:26] VyrenGames(198112175951183872) deleted 7 messages in channel announcements
[27/06/2017 21:30] VyrenGames(198112175951183872) deleted 6 messages in channel member
[08/07/2017 05:10] VyrenGames(198112175951183872) deleted 6 messages in channel general
[08/07/2017 05:10] VyrenGames(198112175951183872) deleted 2 messages in channel general
[18/07/2017 18:30] VyrenGames(198112175951183872) deleted 1000 messages in channel everyone
